Writing PID to tmp/pids/thin.pid
Using rack adapter
Exiting!
/home/sahil/.rvm/gems/ruby-2.0.0-p353@redmine/gems/activerecord-3.2.17/lib/active_record/connection_adapters/abstract/connection_specification.rb:47:in `resolve_hash_connection': database configuration does not specify adapter (ActiveRecord::AdapterNotSpecified)
	from /home/sahil/.rvm/gems/ruby-2.0.0-p353@redmine/gems/activerecord-3.2.17/lib/active_record/connection_adapters/abstract/connection_specification.rb:41:in `resolve_string_connection'
	from /home/sahil/.rvm/gems/ruby-2.0.0-p353@redmine/gems/activerecord-3.2.17/lib/active_record/connection_adapters/abstract/connection_specification.rb:25:in `spec'
	from /home/sahil/.rvm/gems/ruby-2.0.0-p353@redmine/gems/activerecord-3.2.17/lib/active_record/connection_adapters/abstract/connection_specification.rb:130:in `establish_connection'
	from /home/sahil/.rvm/gems/ruby-2.0.0-p353@redmine/gems/activerecord-3.2.17/lib/active_record/railtie.rb:88:in `block (2 levels) in <class:Railtie>'
	from /home/sahil/.rvm/gems/ruby-2.0.0-p353@redmine/gems/activesupport-3.2.17/lib/active_support/lazy_load_hooks.rb:36:in `instance_eval'
	from /home/sahil/.rvm/gems/ruby-2.0.0-p353@redmine/gems/activesupport-3.2.17/lib/active_support/lazy_load_hooks.rb:36:in `execute_hook'
	from /home/sahil/.rvm/gems/ruby-2.0.0-p353@redmine/gems/activesupport-3.2.17/lib/active_support/lazy_load_hooks.rb:26:in `block in on_load'
	from /home/sahil/.rvm/gems/ruby-2.0.0-p353@redmine/gems/activesupport-3.2.17/lib/active_support/lazy_load_hooks.rb:25:in `each'
	from /home/sahil/.rvm/gems/ruby-2.0.0-p353@redmine/gems/activesupport-3.2.17/lib/active_support/lazy_load_hooks.rb:25:in `on_load'
	from /home/sahil/.rvm/gems/ruby-2.0.0-p353@redmine/gems/activerecord-3.2.17/lib/active_record/railtie.rb:80:in `block in <class:Railtie>'
	from /home/sahil/.rvm/gems/ruby-2.0.0-p353@redmine/gems/railties-3.2.17/lib/rails/initializable.rb:30:in `instance_exec'
	from /home/sahil/.rvm/gems/ruby-2.0.0-p353@redmine/gems/railties-3.2.17/lib/rails/initializable.rb:30:in `run'
	from /home/sahil/.rvm/gems/ruby-2.0.0-p353@redmine/gems/railties-3.2.17/lib/rails/initializable.rb:55:in `block in run_initializers'
	from /home/sahil/.rvm/gems/ruby-2.0.0-p353@redmine/gems/railties-3.2.17/lib/rails/initializable.rb:54:in `each'
	from /home/sahil/.rvm/gems/ruby-2.0.0-p353@redmine/gems/railties-3.2.17/lib/rails/initializable.rb:54:in `run_initializers'
	from /home/sahil/.rvm/gems/ruby-2.0.0-p353@redmine/gems/railties-3.2.17/lib/rails/application.rb:136:in `initialize!'
	from /home/sahil/.rvm/gems/ruby-2.0.0-p353@redmine/gems/railties-3.2.17/lib/rails/railtie/configurable.rb:30:in `method_missing'
	from /home/sahil/projects/redmine-2.5.1/config/environment.rb:14:in `<top (required)>'
	from /home/sahil/.rvm/rubies/ruby-2.0.0-p353/lib/ruby/site_ruby/2.0.0/rubygems/core_ext/kernel_require.rb:55:in `require'
	from /home/sahil/.rvm/rubies/ruby-2.0.0-p353/lib/ruby/site_ruby/2.0.0/rubygems/core_ext/kernel_require.rb:55:in `require'
	from /home/sahil/projects/redmine-2.5.1/config.ru:3:in `block in <main>'
	from /home/sahil/.rvm/gems/ruby-2.0.0-p353@redmine/gems/rack-1.4.5/lib/rack/builder.rb:51:in `instance_eval'
	from /home/sahil/.rvm/gems/ruby-2.0.0-p353@redmine/gems/rack-1.4.5/lib/rack/builder.rb:51:in `initialize'
	from /home/sahil/projects/redmine-2.5.1/config.ru:1:in `new'
	from /home/sahil/projects/redmine-2.5.1/config.ru:1:in `<main>'
	from /home/sahil/.rvm/gems/ruby-2.0.0-p353@redmine/gems/thin-1.6.2/lib/rack/adapter/loader.rb:33:in `eval'
	from /home/sahil/.rvm/gems/ruby-2.0.0-p353@redmine/gems/thin-1.6.2/lib/rack/adapter/loader.rb:33:in `load'
	from /home/sahil/.rvm/gems/ruby-2.0.0-p353@redmine/gems/thin-1.6.2/lib/rack/adapter/loader.rb:42:in `for'
	from /home/sahil/.rvm/gems/ruby-2.0.0-p353@redmine/gems/thin-1.6.2/lib/thin/controllers/controller.rb:170:in `load_adapter'
	from /home/sahil/.rvm/gems/ruby-2.0.0-p353@redmine/gems/thin-1.6.2/lib/thin/controllers/controller.rb:74:in `start'
	from /home/sahil/.rvm/gems/ruby-2.0.0-p353@redmine/gems/thin-1.6.2/lib/thin/runner.rb:199:in `run_command'
	from /home/sahil/.rvm/gems/ruby-2.0.0-p353@redmine/gems/thin-1.6.2/lib/thin/runner.rb:155:in `run!'
	from /home/sahil/.rvm/gems/ruby-2.0.0-p353@redmine/gems/thin-1.6.2/bin/thin:6:in `<top (required)>'
	from /home/sahil/.rvm/gems/ruby-2.0.0-p353@redmine/bin/thin:23:in `load'
	from /home/sahil/.rvm/gems/ruby-2.0.0-p353@redmine/bin/thin:23:in `<main>'
	from /home/sahil/.rvm/gems/ruby-2.0.0-p353@redmine/bin/ruby_executable_hooks:15:in `eval'
	from /home/sahil/.rvm/gems/ruby-2.0.0-p353@redmine/bin/ruby_executable_hooks:15:in `<main>'
Writing PID to tmp/pids/thin.pid
Using rack adapter
Exiting!
/home/sahil/.rvm/gems/ruby-2.0.0-p353@redmine/gems/activerecord-3.2.17/lib/active_record/connection_adapters/abstract/connection_specification.rb:47:in `resolve_hash_connection': database configuration does not specify adapter (ActiveRecord::AdapterNotSpecified)
	from /home/sahil/.rvm/gems/ruby-2.0.0-p353@redmine/gems/activerecord-3.2.17/lib/active_record/connection_adapters/abstract/connection_specification.rb:41:in `resolve_string_connection'
	from /home/sahil/.rvm/gems/ruby-2.0.0-p353@redmine/gems/activerecord-3.2.17/lib/active_record/connection_adapters/abstract/connection_specification.rb:25:in `spec'
	from /home/sahil/.rvm/gems/ruby-2.0.0-p353@redmine/gems/activerecord-3.2.17/lib/active_record/connection_adapters/abstract/connection_specification.rb:130:in `establish_connection'
	from /home/sahil/.rvm/gems/ruby-2.0.0-p353@redmine/gems/activerecord-3.2.17/lib/active_record/railtie.rb:88:in `block (2 levels) in <class:Railtie>'
	from /home/sahil/.rvm/gems/ruby-2.0.0-p353@redmine/gems/activesupport-3.2.17/lib/active_support/lazy_load_hooks.rb:36:in `instance_eval'
	from /home/sahil/.rvm/gems/ruby-2.0.0-p353@redmine/gems/activesupport-3.2.17/lib/active_support/lazy_load_hooks.rb:36:in `execute_hook'
	from /home/sahil/.rvm/gems/ruby-2.0.0-p353@redmine/gems/activesupport-3.2.17/lib/active_support/lazy_load_hooks.rb:26:in `block in on_load'
	from /home/sahil/.rvm/gems/ruby-2.0.0-p353@redmine/gems/activesupport-3.2.17/lib/active_support/lazy_load_hooks.rb:25:in `each'
	from /home/sahil/.rvm/gems/ruby-2.0.0-p353@redmine/gems/activesupport-3.2.17/lib/active_support/lazy_load_hooks.rb:25:in `on_load'
	from /home/sahil/.rvm/gems/ruby-2.0.0-p353@redmine/gems/activerecord-3.2.17/lib/active_record/railtie.rb:80:in `block in <class:Railtie>'
	from /home/sahil/.rvm/gems/ruby-2.0.0-p353@redmine/gems/railties-3.2.17/lib/rails/initializable.rb:30:in `instance_exec'
	from /home/sahil/.rvm/gems/ruby-2.0.0-p353@redmine/gems/railties-3.2.17/lib/rails/initializable.rb:30:in `run'
	from /home/sahil/.rvm/gems/ruby-2.0.0-p353@redmine/gems/railties-3.2.17/lib/rails/initializable.rb:55:in `block in run_initializers'
	from /home/sahil/.rvm/gems/ruby-2.0.0-p353@redmine/gems/railties-3.2.17/lib/rails/initializable.rb:54:in `each'
	from /home/sahil/.rvm/gems/ruby-2.0.0-p353@redmine/gems/railties-3.2.17/lib/rails/initializable.rb:54:in `run_initializers'
	from /home/sahil/.rvm/gems/ruby-2.0.0-p353@redmine/gems/railties-3.2.17/lib/rails/application.rb:136:in `initialize!'
	from /home/sahil/.rvm/gems/ruby-2.0.0-p353@redmine/gems/railties-3.2.17/lib/rails/railtie/configurable.rb:30:in `method_missing'
	from /home/sahil/projects/redmine-2.5.1/config/environment.rb:14:in `<top (required)>'
	from /home/sahil/.rvm/rubies/ruby-2.0.0-p353/lib/ruby/site_ruby/2.0.0/rubygems/core_ext/kernel_require.rb:55:in `require'
	from /home/sahil/.rvm/rubies/ruby-2.0.0-p353/lib/ruby/site_ruby/2.0.0/rubygems/core_ext/kernel_require.rb:55:in `require'
	from /home/sahil/projects/redmine-2.5.1/config.ru:3:in `block in <main>'
	from /home/sahil/.rvm/gems/ruby-2.0.0-p353@redmine/gems/rack-1.4.5/lib/rack/builder.rb:51:in `instance_eval'
	from /home/sahil/.rvm/gems/ruby-2.0.0-p353@redmine/gems/rack-1.4.5/lib/rack/builder.rb:51:in `initialize'
	from /home/sahil/projects/redmine-2.5.1/config.ru:1:in `new'
	from /home/sahil/projects/redmine-2.5.1/config.ru:1:in `<main>'
	from /home/sahil/.rvm/gems/ruby-2.0.0-p353@redmine/gems/thin-1.6.2/lib/rack/adapter/loader.rb:33:in `eval'
	from /home/sahil/.rvm/gems/ruby-2.0.0-p353@redmine/gems/thin-1.6.2/lib/rack/adapter/loader.rb:33:in `load'
	from /home/sahil/.rvm/gems/ruby-2.0.0-p353@redmine/gems/thin-1.6.2/lib/rack/adapter/loader.rb:42:in `for'
	from /home/sahil/.rvm/gems/ruby-2.0.0-p353@redmine/gems/thin-1.6.2/lib/thin/controllers/controller.rb:170:in `load_adapter'
	from /home/sahil/.rvm/gems/ruby-2.0.0-p353@redmine/gems/thin-1.6.2/lib/thin/controllers/controller.rb:74:in `start'
	from /home/sahil/.rvm/gems/ruby-2.0.0-p353@redmine/gems/thin-1.6.2/lib/thin/runner.rb:199:in `run_command'
	from /home/sahil/.rvm/gems/ruby-2.0.0-p353@redmine/gems/thin-1.6.2/lib/thin/runner.rb:155:in `run!'
	from /home/sahil/.rvm/gems/ruby-2.0.0-p353@redmine/gems/thin-1.6.2/bin/thin:6:in `<top (required)>'
	from /home/sahil/.rvm/gems/ruby-2.0.0-p353@redmine/bin/thin:23:in `load'
	from /home/sahil/.rvm/gems/ruby-2.0.0-p353@redmine/bin/thin:23:in `<main>'
	from /home/sahil/.rvm/gems/ruby-2.0.0-p353@redmine/bin/ruby_executable_hooks:15:in `eval'
	from /home/sahil/.rvm/gems/ruby-2.0.0-p353@redmine/bin/ruby_executable_hooks:15:in `<main>'
Writing PID to tmp/pids/thin.pid
Using rack adapter
Thin web server (v1.6.2 codename Doc Brown)
Maximum connections set to 1024
Listening on 0.0.0.0:3000, CTRL+C to stop
Exiting!
/home/sahil/.rvm/gems/ruby-2.0.0-p353@redmine/gems/thin-1.6.2/lib/thin/backends/tcp_server.rb:16:in `connect': cannot load such file -- thin/connection (LoadError)
	from /home/sahil/.rvm/gems/ruby-2.0.0-p353@redmine/gems/thin-1.6.2/lib/thin/backends/base.rb:63:in `block in start'
	from /home/sahil/.rvm/gems/ruby-2.0.0-p353@redmine/gems/eventmachine-1.0.3/lib/eventmachine.rb:187:in `call'
	from /home/sahil/.rvm/gems/ruby-2.0.0-p353@redmine/gems/eventmachine-1.0.3/lib/eventmachine.rb:187:in `run_machine'
	from /home/sahil/.rvm/gems/ruby-2.0.0-p353@redmine/gems/eventmachine-1.0.3/lib/eventmachine.rb:187:in `run'
	from /home/sahil/.rvm/gems/ruby-2.0.0-p353@redmine/gems/thin-1.6.2/lib/thin/backends/base.rb:73:in `start'
	from /home/sahil/.rvm/gems/ruby-2.0.0-p353@redmine/gems/thin-1.6.2/lib/thin/server.rb:162:in `start'
	from /home/sahil/.rvm/gems/ruby-2.0.0-p353@redmine/gems/thin-1.6.2/lib/thin/controllers/controller.rb:87:in `start'
	from /home/sahil/.rvm/gems/ruby-2.0.0-p353@redmine/gems/thin-1.6.2/lib/thin/runner.rb:199:in `run_command'
	from /home/sahil/.rvm/gems/ruby-2.0.0-p353@redmine/gems/thin-1.6.2/lib/thin/runner.rb:155:in `run!'
	from /home/sahil/.rvm/gems/ruby-2.0.0-p353@redmine/gems/thin-1.6.2/bin/thin:6:in `<top (required)>'
	from /home/sahil/.rvm/gems/ruby-2.0.0-p353@redmine/bin/thin:23:in `load'
	from /home/sahil/.rvm/gems/ruby-2.0.0-p353@redmine/bin/thin:23:in `<main>'
	from /home/sahil/.rvm/gems/ruby-2.0.0-p353@redmine/bin/ruby_executable_hooks:15:in `eval'
	from /home/sahil/.rvm/gems/ruby-2.0.0-p353@redmine/bin/ruby_executable_hooks:15:in `<main>'
Writing PID to tmp/pids/thin.pid
Using rack adapter
Thin web server (v1.6.2 codename Doc Brown)
Maximum connections set to 1024
Listening on 0.0.0.0:3000, CTRL+C to stop
Exiting!
/home/sahil/.rvm/gems/ruby-2.0.0-p353@redmine/gems/thin-1.6.2/lib/thin/backends/tcp_server.rb:16:in `connect': cannot load such file -- thin/connection (LoadError)
	from /home/sahil/.rvm/gems/ruby-2.0.0-p353@redmine/gems/thin-1.6.2/lib/thin/backends/base.rb:63:in `block in start'
	from /home/sahil/.rvm/gems/ruby-2.0.0-p353@redmine/gems/eventmachine-1.0.3/lib/eventmachine.rb:187:in `call'
	from /home/sahil/.rvm/gems/ruby-2.0.0-p353@redmine/gems/eventmachine-1.0.3/lib/eventmachine.rb:187:in `run_machine'
	from /home/sahil/.rvm/gems/ruby-2.0.0-p353@redmine/gems/eventmachine-1.0.3/lib/eventmachine.rb:187:in `run'
	from /home/sahil/.rvm/gems/ruby-2.0.0-p353@redmine/gems/thin-1.6.2/lib/thin/backends/base.rb:73:in `start'
	from /home/sahil/.rvm/gems/ruby-2.0.0-p353@redmine/gems/thin-1.6.2/lib/thin/server.rb:162:in `start'
	from /home/sahil/.rvm/gems/ruby-2.0.0-p353@redmine/gems/thin-1.6.2/lib/thin/controllers/controller.rb:87:in `start'
	from /home/sahil/.rvm/gems/ruby-2.0.0-p353@redmine/gems/thin-1.6.2/lib/thin/runner.rb:199:in `run_command'
	from /home/sahil/.rvm/gems/ruby-2.0.0-p353@redmine/gems/thin-1.6.2/lib/thin/runner.rb:155:in `run!'
	from /home/sahil/.rvm/gems/ruby-2.0.0-p353@redmine/gems/thin-1.6.2/bin/thin:6:in `<top (required)>'
	from /home/sahil/.rvm/gems/ruby-2.0.0-p353@redmine/bin/thin:23:in `load'
	from /home/sahil/.rvm/gems/ruby-2.0.0-p353@redmine/bin/thin:23:in `<main>'
	from /home/sahil/.rvm/gems/ruby-2.0.0-p353@redmine/bin/ruby_executable_hooks:15:in `eval'
	from /home/sahil/.rvm/gems/ruby-2.0.0-p353@redmine/bin/ruby_executable_hooks:15:in `<main>'
Writing PID to tmp/pids/thin.pid
Using rails adapter
Exiting!
/home/sahil/.rvm/gems/ruby-2.0.0-p353@redmine/gems/activesupport-3.2.17/lib/active_support/dependencies.rb:251:in `require': cannot load such file -- dispatcher (LoadError)
	from /home/sahil/.rvm/gems/ruby-2.0.0-p353@redmine/gems/activesupport-3.2.17/lib/active_support/dependencies.rb:251:in `block in require'
	from /home/sahil/.rvm/gems/ruby-2.0.0-p353@redmine/gems/activesupport-3.2.17/lib/active_support/dependencies.rb:236:in `load_dependency'
	from /home/sahil/.rvm/gems/ruby-2.0.0-p353@redmine/gems/activesupport-3.2.17/lib/active_support/dependencies.rb:251:in `require'
	from /home/sahil/.rvm/gems/ruby-2.0.0-p353@redmine/gems/thin-1.6.2/lib/rack/adapter/rails.rb:38:in `load_application'
	from /home/sahil/.rvm/gems/ruby-2.0.0-p353@redmine/gems/thin-1.6.2/lib/rack/adapter/rails.rb:23:in `initialize'
	from /home/sahil/.rvm/gems/ruby-2.0.0-p353@redmine/gems/thin-1.6.2/lib/rack/adapter/loader.rb:45:in `new'
	from /home/sahil/.rvm/gems/ruby-2.0.0-p353@redmine/gems/thin-1.6.2/lib/rack/adapter/loader.rb:45:in `for'
	from /home/sahil/.rvm/gems/ruby-2.0.0-p353@redmine/gems/thin-1.6.2/lib/thin/controllers/controller.rb:170:in `load_adapter'
	from /home/sahil/.rvm/gems/ruby-2.0.0-p353@redmine/gems/thin-1.6.2/lib/thin/controllers/controller.rb:74:in `start'
	from /home/sahil/.rvm/gems/ruby-2.0.0-p353@redmine/gems/thin-1.6.2/lib/thin/runner.rb:199:in `run_command'
	from /home/sahil/.rvm/gems/ruby-2.0.0-p353@redmine/gems/thin-1.6.2/lib/thin/runner.rb:155:in `run!'
	from /home/sahil/.rvm/gems/ruby-2.0.0-p353@redmine/gems/thin-1.6.2/bin/thin:6:in `<top (required)>'
	from /home/sahil/.rvm/gems/ruby-2.0.0-p353@redmine/bin/thin:23:in `load'
	from /home/sahil/.rvm/gems/ruby-2.0.0-p353@redmine/bin/thin:23:in `<main>'
	from /home/sahil/.rvm/gems/ruby-2.0.0-p353@redmine/bin/ruby_executable_hooks:15:in `eval'
	from /home/sahil/.rvm/gems/ruby-2.0.0-p353@redmine/bin/ruby_executable_hooks:15:in `<main>'
Writing PID to tmp/pids/thin.pid
Using rack adapter
Exiting!
/home/sahil/.rvm/gems/ruby-2.0.0-p353@redmine/gems/activerecord-3.2.17/lib/active_record/connection_adapters/abstract/connection_specification.rb:47:in `resolve_hash_connection': database configuration does not specify adapter (ActiveRecord::AdapterNotSpecified)
	from /home/sahil/.rvm/gems/ruby-2.0.0-p353@redmine/gems/activerecord-3.2.17/lib/active_record/connection_adapters/abstract/connection_specification.rb:41:in `resolve_string_connection'
	from /home/sahil/.rvm/gems/ruby-2.0.0-p353@redmine/gems/activerecord-3.2.17/lib/active_record/connection_adapters/abstract/connection_specification.rb:25:in `spec'
	from /home/sahil/.rvm/gems/ruby-2.0.0-p353@redmine/gems/activerecord-3.2.17/lib/active_record/connection_adapters/abstract/connection_specification.rb:130:in `establish_connection'
	from /home/sahil/.rvm/gems/ruby-2.0.0-p353@redmine/gems/activerecord-3.2.17/lib/active_record/railtie.rb:88:in `block (2 levels) in <class:Railtie>'
	from /home/sahil/.rvm/gems/ruby-2.0.0-p353@redmine/gems/activesupport-3.2.17/lib/active_support/lazy_load_hooks.rb:36:in `instance_eval'
	from /home/sahil/.rvm/gems/ruby-2.0.0-p353@redmine/gems/activesupport-3.2.17/lib/active_support/lazy_load_hooks.rb:36:in `execute_hook'
	from /home/sahil/.rvm/gems/ruby-2.0.0-p353@redmine/gems/activesupport-3.2.17/lib/active_support/lazy_load_hooks.rb:26:in `block in on_load'
	from /home/sahil/.rvm/gems/ruby-2.0.0-p353@redmine/gems/activesupport-3.2.17/lib/active_support/lazy_load_hooks.rb:25:in `each'
	from /home/sahil/.rvm/gems/ruby-2.0.0-p353@redmine/gems/activesupport-3.2.17/lib/active_support/lazy_load_hooks.rb:25:in `on_load'
	from /home/sahil/.rvm/gems/ruby-2.0.0-p353@redmine/gems/activerecord-3.2.17/lib/active_record/railtie.rb:80:in `block in <class:Railtie>'
	from /home/sahil/.rvm/gems/ruby-2.0.0-p353@redmine/gems/railties-3.2.17/lib/rails/initializable.rb:30:in `instance_exec'
	from /home/sahil/.rvm/gems/ruby-2.0.0-p353@redmine/gems/railties-3.2.17/lib/rails/initializable.rb:30:in `run'
	from /home/sahil/.rvm/gems/ruby-2.0.0-p353@redmine/gems/railties-3.2.17/lib/rails/initializable.rb:55:in `block in run_initializers'
	from /home/sahil/.rvm/gems/ruby-2.0.0-p353@redmine/gems/railties-3.2.17/lib/rails/initializable.rb:54:in `each'
	from /home/sahil/.rvm/gems/ruby-2.0.0-p353@redmine/gems/railties-3.2.17/lib/rails/initializable.rb:54:in `run_initializers'
	from /home/sahil/.rvm/gems/ruby-2.0.0-p353@redmine/gems/railties-3.2.17/lib/rails/application.rb:136:in `initialize!'
	from /home/sahil/.rvm/gems/ruby-2.0.0-p353@redmine/gems/railties-3.2.17/lib/rails/railtie/configurable.rb:30:in `method_missing'
	from /home/sahil/projects/redmine-2.5.1/config/environment.rb:14:in `<top (required)>'
	from /home/sahil/projects/redmine-2.5.1/config.ru:3:in `require'
	from /home/sahil/projects/redmine-2.5.1/config.ru:3:in `block in <main>'
	from /home/sahil/.rvm/gems/ruby-2.0.0-p353@redmine/gems/rack-1.4.5/lib/rack/builder.rb:51:in `instance_eval'
	from /home/sahil/.rvm/gems/ruby-2.0.0-p353@redmine/gems/rack-1.4.5/lib/rack/builder.rb:51:in `initialize'
	from /home/sahil/projects/redmine-2.5.1/config.ru:1:in `new'
	from /home/sahil/projects/redmine-2.5.1/config.ru:1:in `<main>'
	from /home/sahil/.rvm/gems/ruby-2.0.0-p353@redmine/gems/thin-1.6.2/lib/rack/adapter/loader.rb:33:in `eval'
	from /home/sahil/.rvm/gems/ruby-2.0.0-p353@redmine/gems/thin-1.6.2/lib/rack/adapter/loader.rb:33:in `load'
	from /home/sahil/.rvm/gems/ruby-2.0.0-p353@redmine/gems/thin-1.6.2/lib/rack/adapter/loader.rb:42:in `for'
	from /home/sahil/.rvm/gems/ruby-2.0.0-p353@redmine/gems/thin-1.6.2/lib/thin/controllers/controller.rb:170:in `load_adapter'
	from /home/sahil/.rvm/gems/ruby-2.0.0-p353@redmine/gems/thin-1.6.2/lib/thin/controllers/controller.rb:74:in `start'
	from /home/sahil/.rvm/gems/ruby-2.0.0-p353@redmine/gems/thin-1.6.2/lib/thin/runner.rb:199:in `run_command'
	from /home/sahil/.rvm/gems/ruby-2.0.0-p353@redmine/gems/thin-1.6.2/lib/thin/runner.rb:155:in `run!'
	from /home/sahil/.rvm/gems/ruby-2.0.0-p353@redmine/gems/thin-1.6.2/bin/thin:6:in `<top (required)>'
	from /home/sahil/.rvm/gems/ruby-2.0.0-p353@redmine/bin/thin:23:in `load'
	from /home/sahil/.rvm/gems/ruby-2.0.0-p353@redmine/bin/thin:23:in `<main>'
	from /home/sahil/.rvm/gems/ruby-2.0.0-p353@redmine/bin/ruby_executable_hooks:15:in `eval'
	from /home/sahil/.rvm/gems/ruby-2.0.0-p353@redmine/bin/ruby_executable_hooks:15:in `<main>'
Writing PID to tmp/pids/thin.pid
Using rack adapter
Exiting!
/home/sahil/.rvm/gems/ruby-2.0.0-p353@redmine/gems/activerecord-3.2.17/lib/active_record/connection_adapters/abstract/connection_specification.rb:47:in `resolve_hash_connection': database configuration does not specify adapter (ActiveRecord::AdapterNotSpecified)
	from /home/sahil/.rvm/gems/ruby-2.0.0-p353@redmine/gems/activerecord-3.2.17/lib/active_record/connection_adapters/abstract/connection_specification.rb:41:in `resolve_string_connection'
	from /home/sahil/.rvm/gems/ruby-2.0.0-p353@redmine/gems/activerecord-3.2.17/lib/active_record/connection_adapters/abstract/connection_specification.rb:25:in `spec'
	from /home/sahil/.rvm/gems/ruby-2.0.0-p353@redmine/gems/activerecord-3.2.17/lib/active_record/connection_adapters/abstract/connection_specification.rb:130:in `establish_connection'
	from /home/sahil/.rvm/gems/ruby-2.0.0-p353@redmine/gems/activerecord-3.2.17/lib/active_record/railtie.rb:88:in `block (2 levels) in <class:Railtie>'
	from /home/sahil/.rvm/gems/ruby-2.0.0-p353@redmine/gems/activesupport-3.2.17/lib/active_support/lazy_load_hooks.rb:36:in `instance_eval'
	from /home/sahil/.rvm/gems/ruby-2.0.0-p353@redmine/gems/activesupport-3.2.17/lib/active_support/lazy_load_hooks.rb:36:in `execute_hook'
	from /home/sahil/.rvm/gems/ruby-2.0.0-p353@redmine/gems/activesupport-3.2.17/lib/active_support/lazy_load_hooks.rb:26:in `block in on_load'
	from /home/sahil/.rvm/gems/ruby-2.0.0-p353@redmine/gems/activesupport-3.2.17/lib/active_support/lazy_load_hooks.rb:25:in `each'
	from /home/sahil/.rvm/gems/ruby-2.0.0-p353@redmine/gems/activesupport-3.2.17/lib/active_support/lazy_load_hooks.rb:25:in `on_load'
	from /home/sahil/.rvm/gems/ruby-2.0.0-p353@redmine/gems/activerecord-3.2.17/lib/active_record/railtie.rb:80:in `block in <class:Railtie>'
	from /home/sahil/.rvm/gems/ruby-2.0.0-p353@redmine/gems/railties-3.2.17/lib/rails/initializable.rb:30:in `instance_exec'
	from /home/sahil/.rvm/gems/ruby-2.0.0-p353@redmine/gems/railties-3.2.17/lib/rails/initializable.rb:30:in `run'
	from /home/sahil/.rvm/gems/ruby-2.0.0-p353@redmine/gems/railties-3.2.17/lib/rails/initializable.rb:55:in `block in run_initializers'
	from /home/sahil/.rvm/gems/ruby-2.0.0-p353@redmine/gems/railties-3.2.17/lib/rails/initializable.rb:54:in `each'
	from /home/sahil/.rvm/gems/ruby-2.0.0-p353@redmine/gems/railties-3.2.17/lib/rails/initializable.rb:54:in `run_initializers'
	from /home/sahil/.rvm/gems/ruby-2.0.0-p353@redmine/gems/railties-3.2.17/lib/rails/application.rb:136:in `initialize!'
	from /home/sahil/.rvm/gems/ruby-2.0.0-p353@redmine/gems/railties-3.2.17/lib/rails/railtie/configurable.rb:30:in `method_missing'
	from /home/sahil/projects/redmine-2.5.1/config/environment.rb:14:in `<top (required)>'
	from /home/sahil/projects/redmine-2.5.1/config.ru:3:in `require'
	from /home/sahil/projects/redmine-2.5.1/config.ru:3:in `block in <main>'
	from /home/sahil/.rvm/gems/ruby-2.0.0-p353@redmine/gems/rack-1.4.5/lib/rack/builder.rb:51:in `instance_eval'
	from /home/sahil/.rvm/gems/ruby-2.0.0-p353@redmine/gems/rack-1.4.5/lib/rack/builder.rb:51:in `initialize'
	from /home/sahil/projects/redmine-2.5.1/config.ru:1:in `new'
	from /home/sahil/projects/redmine-2.5.1/config.ru:1:in `<main>'
	from /home/sahil/.rvm/gems/ruby-2.0.0-p353@redmine/gems/thin-1.6.2/lib/rack/adapter/loader.rb:33:in `eval'
	from /home/sahil/.rvm/gems/ruby-2.0.0-p353@redmine/gems/thin-1.6.2/lib/rack/adapter/loader.rb:33:in `load'
	from /home/sahil/.rvm/gems/ruby-2.0.0-p353@redmine/gems/thin-1.6.2/lib/rack/adapter/loader.rb:42:in `for'
	from /home/sahil/.rvm/gems/ruby-2.0.0-p353@redmine/gems/thin-1.6.2/lib/thin/controllers/controller.rb:170:in `load_adapter'
	from /home/sahil/.rvm/gems/ruby-2.0.0-p353@redmine/gems/thin-1.6.2/lib/thin/controllers/controller.rb:74:in `start'
	from /home/sahil/.rvm/gems/ruby-2.0.0-p353@redmine/gems/thin-1.6.2/lib/thin/runner.rb:199:in `run_command'
	from /home/sahil/.rvm/gems/ruby-2.0.0-p353@redmine/gems/thin-1.6.2/lib/thin/runner.rb:155:in `run!'
	from /home/sahil/.rvm/gems/ruby-2.0.0-p353@redmine/gems/thin-1.6.2/bin/thin:6:in `<top (required)>'
	from /home/sahil/.rvm/gems/ruby-2.0.0-p353@redmine/bin/thin:23:in `load'
	from /home/sahil/.rvm/gems/ruby-2.0.0-p353@redmine/bin/thin:23:in `<main>'
	from /home/sahil/.rvm/gems/ruby-2.0.0-p353@redmine/bin/ruby_executable_hooks:15:in `eval'
	from /home/sahil/.rvm/gems/ruby-2.0.0-p353@redmine/bin/ruby_executable_hooks:15:in `<main>'
